2020/6/30 9:00 开始进行任务8
2020/6/30 9:00 任务卡住了，找不到wifi图标
2020/6/30 10:34 任务还在卡着
2020/6/30 10:40 配置完ubuntu虚拟机
2020/6/30 10:50 晕了，开始学习计算机网络
2020/6/30 下午 任务八完成，大致了解了网络连接
2020/7/1 9:00 小组决定分工研究，我和王笑伟继续研究虚拟机的数据研究，其他人去看ARIMA模型
2020/7/1 10:00 基本搞明白虚拟机的链接了，并且能够连上多个虚拟机
2020/7/1 11:00 我认为我搞明白虚拟机传输了，然后我发现如果只用自己的机子处理小数据，用不到和别的虚拟机链接，用不到任务八，感觉受到了欺骗，在考虑要不要跑哪个100G的数据
2020/7/1 11:30 通过Xftp加载jdk到虚拟机
2020/7/1 14:00 小组会议，整合进度
2020/7/1 16:00 任务10完成，开始研究ARIMA模型，学习panda
2020/7/1 17:00 学习pycharm的使用
2020/7/2 9:00 项目抽查
2020/7/2 10:00 分配完任务，我开始做13、14、15，目前卡在python版本太多，panada等安装包不知道下在哪个版本下面的部分
2020/7/2 11:00 下完了各种包在研究pandas和matplotlib的使用，虽然不知道这天气是怎么预测的，但肯定不是每年的特定一天，于是用spark重新清洗了一遍数据
2020/7/2 15:40 组员陈航进行ARIMA入门课教育
2020/7/2 16:00 csdn研究ARIMA代码
2020/7/2 23:00 姑且按照csdn上的教程预测了个最初成果
2020/7/3 9:00 从零开始学json是啥
2020/7/3 11:25 开始研究其它可行模型
2020/7/3 16:00 一直在看官网的文档
2020/7/4 9:00 学习SARIMAX模型
2020/7/4 24:00 通过SARIMA模型得出了更为舒适的预测数据，发现如果想要以年为单位看着具有周期性（实际上也是看起来一年一个周期），就要把取值分的开一点，比如每隔一周取一个点
2020/7/5 9:00 小组会议确认下一步分工
2020/7/5 10:00 将预测结果转为png图片与json格式文件
2020/7/6 8:00 项目中期答辩，配置tomcat环境
2020/7/6 14:00 进行javatomcat服务器调用flask中的json文件
2020/7/6 18:00 重新确立分工，我和陈航由于进度落后开始负责繁琐的数据处理预测部分任务
2020/7/7 8:00 使用easyui框架写前端网页
2020/7/7 16:40 写了生成特定格式json代码，并且能够在前端展示，接下来和陈航处理数据
2020/7/8 8:30 小组会议分配任务，我负责和陈航处理数据，整合许庭一的Java接收flask数据和我的json数据展示功能
2020/7/8 17:00 下午发现组员的java接受flask数据的代码写的方向错了，就自己重新写了一个，导致数据处理与展示功能做完了之后没时间处理数据了，又要加班，艹
2020/7/8 19:30 想来自打小学期开始就没有几天不加班的，这么一想内心平稳了许多，估计今晚要和陈航通宵数据处理了